<?xml version="1.0" encoding="UTF-8"?>
<!-- Generated by org.testng.reporters.JUnitReportReporter -->
<testsuite skipped="0" hostname="DESKTOP-J9ARUUF" name="tests.GetAndPostExamples" tests="1" failures="0" timestamp="2021-08-12T15:07:35 IST" time="4.635" errors="0">
  <testcase name="testPost" time="4.635" classname="tests.GetAndPostExamples"/>
  <system-out/>
</testsuite> <!-- tests.GetAndPostExamples -->
