<?xml version="1.0" encoding="UTF-8"?>
<!-- Generated by org.testng.reporters.JUnitReportReporter -->
<testsuite skipped="0" hostname="DESKTOP-J9ARUUF" name="tests.TestsExamples" tests="2" failures="0" timestamp="2021-08-12T14:08:52 IST" time="9.679" errors="0">
  <testcase name="test_2" time="3.744" classname="tests.TestsExamples"/>
  <system-out/>
  <testcase name="test_1" time="5.935" classname="tests.TestsExamples"/>
  <system-out/>
</testsuite> <!-- tests.TestsExamples -->
