<?xml version="1.0" encoding="UTF-8"?>
<!-- Generated by org.testng.reporters.JUnitReportReporter -->
<testsuite skipped="0" hostname="DESKTOP-J9ARUUF" name="tests.PutAndPatchAndDelete" tests="3" failures="0" timestamp="2021-08-12T15:08:18 IST" time="4.299" errors="0">
  <testcase name="getPut" time="0.409" classname="tests.PutAndPatchAndDelete"/>
  <system-out/>
  <testcase name="getDelete" time="3.429" classname="tests.PutAndPatchAndDelete"/>
  <system-out/>
  <testcase name="getPatch" time="0.461" classname="tests.PutAndPatchAndDelete"/>
  <system-out/>
</testsuite> <!-- tests.PutAndPatchAndDelete -->
